<?xml version="1.0" encoding="UTF-8"?>
<!-- Generated by org.testng.reporters.JUnitXMLReporter -->
<testsuite ignored="0" hostname="AGI-LT-M106" failures="0" tests="3" name="Command line test" time="35.524" errors="0" timestamp="17 Jul 2019 13:26:16 GMT">
  <testcase classname="com.automation.sample.tests.HotelBookingTest" name="hotel_valid_search" time="11.346"/>
  <testcase classname="com.automation.sample.tests.SignInTest" name="blank_sign_in_test" time="1.898"/>
  <testcase classname="com.automation.sample.tests.FlightBookingTest" name="flight_valid_search" time="13.251"/>
</testsuite> <!-- Command line test -->
