<?xml version="1.0" encoding="UTF-8"?>
<testng-results ignored="0" total="3" passed="3" failed="0" skipped="0">
  <reporter-output>
    <line>
      <![CDATA[All fields are entered for Hotel search and form submitted]]>
    </line>
    <line>
      <![CDATA[Hotel search passed]]>
    </line>
    <line>
      <![CDATA[Sign In test passed]]>
    </line>
    <line>
      <![CDATA[All fields entered on flight search page and form submitted]]>
    </line>
    <line>
      <![CDATA[Flight search passed]]>
    </line>
  </reporter-output>
  <suite started-at="2019-07-17T13:25:41Z" name="Command line suite" finished-at="2019-07-17T13:26:16Z" duration-ms="35524">
    <groups>
    </groups>
    <test started-at="2019-07-17T13:25:41Z" name="Command line test" finished-at="2019-07-17T13:26:16Z" duration-ms="35524">
      <class name="com.automation.sample.tests.FlightBookingTest">
        <test-method is-config="true" signature="startTest()[pri:0, instance:com.automation.sample.tests.FlightBookingTest@49fc609f]" started-at="2019-07-17T18:56:00Z" name="startTest" finished-at="2019-07-17T18:56:03Z" duration-ms="2764" status="PASS">
          <reporter-output>
          </reporter-output>
        </test-method> <!-- startTest -->
        <test-method signature="flight_valid_search()[pri:0, instance:com.automation.sample.tests.FlightBookingTest@49fc609f]" started-at="2019-07-17T18:56:03Z" name="flight_valid_search" finished-at="2019-07-17T18:56:16Z" duration-ms="13251" status="PASS">
          <reporter-output>
            <line>
              <![CDATA[All fields entered on flight search page and form submitted]]>
            </line>
            <line>
              <![CDATA[Flight search passed]]>
            </line>
          </reporter-output>
        </test-method> <!-- flight_valid_search -->
        <test-method is-config="true" signature="closeSession()[pri:0, instance:com.automation.sample.tests.FlightBookingTest@49fc609f]" started-at="2019-07-17T18:56:16Z" name="closeSession" finished-at="2019-07-17T18:56:16Z" duration-ms="70" status="PASS">
          <reporter-output>
          </reporter-output>
        </test-method> <!-- closeSession -->
      </class> <!-- com.automation.sample.tests.FlightBookingTest -->
      <class name="com.automation.sample.tests.SignInTest">
        <test-method is-config="true" signature="startTest()[pri:0, instance:com.automation.sample.tests.SignInTest@3d99d22e]" started-at="2019-07-17T18:55:55Z" name="startTest" finished-at="2019-07-17T18:55:58Z" duration-ms="2689" status="PASS">
          <reporter-output>
          </reporter-output>
        </test-method> <!-- startTest -->
        <test-method signature="blank_sign_in_test()[pri:0, instance:com.automation.sample.tests.SignInTest@3d99d22e]" started-at="2019-07-17T18:55:58Z" name="blank_sign_in_test" finished-at="2019-07-17T18:56:00Z" duration-ms="1898" status="PASS">
          <reporter-output>
            <line>
              <![CDATA[Sign In test passed]]>
            </line>
          </reporter-output>
        </test-method> <!-- blank_sign_in_test -->
        <test-method is-config="true" signature="closeSession()[pri:0, instance:com.automation.sample.tests.SignInTest@3d99d22e]" started-at="2019-07-17T18:56:00Z" name="closeSession" finished-at="2019-07-17T18:56:00Z" duration-ms="69" status="PASS">
          <reporter-output>
          </reporter-output>
        </test-method> <!-- closeSession -->
      </class> <!-- com.automation.sample.tests.SignInTest -->
      <class name="com.automation.sample.tests.HotelBookingTest">
        <test-method is-config="true" signature="startTest()[pri:0, instance:com.automation.sample.tests.HotelBookingTest@32709393]" started-at="2019-07-17T18:55:41Z" name="startTest" finished-at="2019-07-17T18:55:44Z" duration-ms="3355" status="PASS">
          <reporter-output>
          </reporter-output>
        </test-method> <!-- startTest -->
        <test-method signature="hotel_valid_search()[pri:0, instance:com.automation.sample.tests.HotelBookingTest@32709393]" started-at="2019-07-17T18:55:44Z" name="hotel_valid_search" finished-at="2019-07-17T18:55:55Z" duration-ms="11346" status="PASS">
          <reporter-output>
            <line>
              <![CDATA[All fields are entered for Hotel search and form submitted]]>
            </line>
            <line>
              <![CDATA[Hotel search passed]]>
            </line>
          </reporter-output>
        </test-method> <!-- hotel_valid_search -->
        <test-method is-config="true" signature="closeSession()[pri:0, instance:com.automation.sample.tests.HotelBookingTest@32709393]" started-at="2019-07-17T18:55:55Z" name="closeSession" finished-at="2019-07-17T18:55:55Z" duration-ms="73" status="PASS">
          <reporter-output>
          </reporter-output>
        </test-method> <!-- closeSession -->
      </class> <!-- com.automation.sample.tests.HotelBookingTest -->
    </test> <!-- Command line test -->
  </suite> <!-- Command line suite -->
</testng-results>
